<?xml version="1.0" encoding="UTF-8"?>
<!-- Generated by org.testng.reporters.JUnitReportReporter -->
<testsuite hostname="Prankur" name="reg.RegTest2" tests="1" failures="0" timestamp="22 Aug 2020 21:15:23 GMT" time="91.887" errors="0">
  <testcase name="loginScreenTest" time="91.887" classname="reg.RegTest2"/>
</testsuite> <!-- reg.RegTest2 -->
